This is pdfTeX, Version 3.14159265-2.6-1.40.17 (MiKTeX 2.9) (preloaded format=pdflatex 2016.10.11)  2 NOV 2016 10:03
entering extended mode
**./exercises.tex
(exercises.tex
LaTeX2e <2016/03/31> patch level 3
Babel <3.9r> and hyphenation patterns for 75 language(s) loaded.
("C:\Program Files (x86)\MiKTeX 2.9\tex\latex\base\article.cls"
Document Class: article 2014/09/29 v1.4h Standard LaTeX document class
("C:\Program Files (x86)\MiKTeX 2.9\tex\latex\base\size10.clo"
File: size10.clo 2014/09/29 v1.4h Standard LaTeX file (size option)
)
\c@part=\count79
\c@section=\count80
\c@subsection=\count81
\c@subsubsection=\count82
\c@paragraph=\count83
\c@subparagraph=\count84
\c@figure=\count85
\c@table=\count86
\abovecaptionskip=\skip41
\belowcaptionskip=\skip42
\bibindent=\dimen102
)
("C:\Program Files (x86)\MiKTeX 2.9\tex\latex\base\inputenc.sty"
Package: inputenc 2015/03/17 v1.2c Input encoding file
\inpenc@prehook=\toks14
\inpenc@posthook=\toks15

("C:\Program Files (x86)\MiKTeX 2.9\tex\latex\base\latin1.def"
File: latin1.def 2015/03/17 v1.2c Input encoding file
))
("C:\Program Files (x86)\MiKTeX 2.9\tex\generic\babel\babel.sty"
Package: babel 2016/04/23 3.9r The Babel package

*************************************
* Local config file bblopts.cfg used
*
("C:\Program Files (x86)\MiKTeX 2.9\tex\latex\arabi\bblopts.cfg"
File: bblopts.cfg 2005/09/08 v0.1 add Arabic and Farsi to "declared" options of
 babel
)
("C:\Program Files (x86)\MiKTeX 2.9\tex\latex\babel-italian\italian.ldf"
Language: italian 2015/03/26 v1.3n Italian support from the babel system

("C:\Program Files (x86)\MiKTeX 2.9\tex\generic\babel\babel.def"
File: babel.def 2016/04/23 3.9r Babel common definitions
\babel@savecnt=\count87
\U@D=\dimen103
)
\it@lettering=\count88
\it@doublequoteactive=\count89
\it@ISOcompliance=\count90
))
("C:\Program Files (x86)\MiKTeX 2.9\tex\latex\etoolbox\etoolbox.sty"
Package: etoolbox 2015/08/02 v2.2a e-TeX tools for LaTeX (JAW)
\etb@tempcnta=\count91
)
("C:\Program Files (x86)\MiKTeX 2.9\tex\latex\geometry\geometry.sty"
Package: geometry 2010/09/12 v5.6 Page Geometry

("C:\Program Files (x86)\MiKTeX 2.9\tex\latex\graphics\keyval.sty"
Package: keyval 2014/10/28 v1.15 key=value parser (DPC)
\KV@toks@=\toks16
)
("C:\Program Files (x86)\MiKTeX 2.9\tex\generic\oberdiek\ifpdf.sty"
Package: ifpdf 2016/05/14 v3.1 Provides the ifpdf switch
)
("C:\Program Files (x86)\MiKTeX 2.9\tex\generic\oberdiek\ifvtex.sty"
Package: ifvtex 2016/05/16 v1.6 Detect VTeX and its facilities (HO)
Package ifvtex Info: VTeX not detected.
)
("C:\Program Files (x86)\MiKTeX 2.9\tex\generic\ifxetex\ifxetex.sty"
Package: ifxetex 2010/09/12 v0.6 Provides ifxetex conditional
)
\Gm@cnth=\count92
\Gm@cntv=\count93
\c@Gm@tempcnt=\count94
\Gm@bindingoffset=\dimen104
\Gm@wd@mp=\dimen105
\Gm@odd@mp=\dimen106
\Gm@even@mp=\dimen107
\Gm@layoutwidth=\dimen108
\Gm@layoutheight=\dimen109
\Gm@layouthoffset=\dimen110
\Gm@layoutvoffset=\dimen111
\Gm@dimlist=\toks17

("C:\Program Files (x86)\MiKTeX 2.9\tex\latex\geometry\geometry.cfg"))

! LaTeX Error: Option clash for package inputenc.

See the LaTeX manual or LaTeX Companion for explanation.
Type  H <return>  for immediate help.
 ...                                              
                                                  
l.6 \usepackage
               {pgfplots}
The package inputenc has already been loaded with options:
  [latin1]
There has now been an attempt to load it with options
  [utf8]
Adding the global options:
  latin1,utf8
to your \documentclass declaration may fix this.
Try typing  <return>  to proceed.

("C:\Program Files (x86)\MiKTeX 2.9\tex\latex\pgfplots\pgfplots.sty"
("C:\Program Files (x86)\MiKTeX 2.9\tex\generic\pgfplots\pgfplots.revision.tex"
)
Package: pgfplots 2016/08/10 v1.14 Data Visualization (1.14)
 ("C:\Program Files (x86)\MiKTeX 2.9\tex\latex\graphics\graphicx.sty"
Package: graphicx 2014/10/28 v1.0g Enhanced LaTeX Graphics (DPC,SPQR)

("C:\Program Files (x86)\MiKTeX 2.9\tex\latex\graphics\graphics.sty"
Package: graphics 2016/07/10 v1.0t Standard LaTeX Graphics (DPC,SPQR)

("C:\Program Files (x86)\MiKTeX 2.9\tex\latex\graphics\trig.sty"
Package: trig 2016/01/03 v1.10 sin cos tan (DPC)
)
("C:\Program Files (x86)\MiKTeX 2.9\tex\latex\00miktex\graphics.cfg"
File: graphics.cfg 2016/06/04 v1.11 sample graphics configuration
)
Package graphics Info: Driver file: pdftex.def on input line 99.

("C:\Program Files (x86)\MiKTeX 2.9\tex\latex\graphics-def\pdftex.def"
File: pdftex.def 2016/07/10 v0.06j Graphics/color for pdfTeX

("C:\Program Files (x86)\MiKTeX 2.9\tex\generic\oberdiek\infwarerr.sty"
Package: infwarerr 2016/05/16 v1.4 Providing info/warning/error messages (HO)
)
("C:\Program Files (x86)\MiKTeX 2.9\tex\generic\oberdiek\ltxcmds.sty"
Package: ltxcmds 2016/05/16 v1.23 LaTeX kernel commands for general use (HO)
)
\Gread@gobject=\count95
))
\Gin@req@height=\dimen112
\Gin@req@width=\dimen113
)
("C:\Program Files (x86)\MiKTeX 2.9\tex\latex\pgf\frontendlayer\tikz.sty"
("C:\Program Files (x86)\MiKTeX 2.9\tex\latex\pgf\basiclayer\pgf.sty"
("C:\Program Files (x86)\MiKTeX 2.9\tex\latex\pgf\utilities\pgfrcs.sty"
("C:\Program Files (x86)\MiKTeX 2.9\tex\generic\pgf\utilities\pgfutil-common.te
x"
\pgfutil@everybye=\toks18
\pgfutil@tempdima=\dimen114
\pgfutil@tempdimb=\dimen115

("C:\Program Files (x86)\MiKTeX 2.9\tex\generic\pgf\utilities\pgfutil-common-li
sts.tex"))
("C:\Program Files (x86)\MiKTeX 2.9\tex\generic\pgf\utilities\pgfutil-latex.def
"
\pgfutil@abb=\box26
 ("C:\Program Files (x86)\MiKTeX 2.9\tex\latex\ms\everyshi.sty"
Package: everyshi 2001/05/15 v3.00 EveryShipout Package (MS)
))
("C:\Program Files (x86)\MiKTeX 2.9\tex\generic\pgf\utilities\pgfrcs.code.tex"
Package: pgfrcs 2015/08/07 v3.0.1a (rcs-revision 1.31)
))
Package: pgf 2015/08/07 v3.0.1a (rcs-revision 1.15)
 ("C:\Program Files (x86)\MiKTeX 2.9\tex\latex\pgf\basiclayer\pgfcore.sty"
("C:\Program Files (x86)\MiKTeX 2.9\tex\latex\pgf\systemlayer\pgfsys.sty"
("C:\Program Files (x86)\MiKTeX 2.9\tex\generic\pgf\systemlayer\pgfsys.code.tex
"
Package: pgfsys 2014/07/09 v3.0.1a (rcs-revision 1.48)
 ("C:\Program Files (x86)\MiKTeX 2.9\tex\generic\pgf\utilities\pgfkeys.code.tex
"
\pgfkeys@pathtoks=\toks19
\pgfkeys@temptoks=\toks20

("C:\Program Files (x86)\MiKTeX 2.9\tex\generic\pgf\utilities\pgfkeysfiltered.c
ode.tex"
\pgfkeys@tmptoks=\toks21
))
\pgf@x=\dimen116
\pgf@y=\dimen117
\pgf@xa=\dimen118
\pgf@ya=\dimen119
\pgf@xb=\dimen120
\pgf@yb=\dimen121
\pgf@xc=\dimen122
\pgf@yc=\dimen123
\w@pgf@writea=\write3
\r@pgf@reada=\read1
\c@pgf@counta=\count96
\c@pgf@countb=\count97
\c@pgf@countc=\count98
\c@pgf@countd=\count99
\t@pgf@toka=\toks22
\t@pgf@tokb=\toks23
\t@pgf@tokc=\toks24

("C:\Program Files (x86)\MiKTeX 2.9\tex\generic\pgf\systemlayer\pgf.cfg"
File: pgf.cfg 2008/05/14  (rcs-revision 1.7)
)
Driver file for pgf: pgfsys-pdftex.def

("C:\Program Files (x86)\MiKTeX 2.9\tex\generic\pgf\systemlayer\pgfsys-pdftex.d
ef"
File: pgfsys-pdftex.def 2014/10/11  (rcs-revision 1.35)

("C:\Program Files (x86)\MiKTeX 2.9\tex\generic\pgf\systemlayer\pgfsys-common-p
df.def"
File: pgfsys-common-pdf.def 2013/10/10  (rcs-revision 1.13)
)))
("C:\Program Files (x86)\MiKTeX 2.9\tex\generic\pgf\systemlayer\pgfsyssoftpath.
code.tex"
File: pgfsyssoftpath.code.tex 2013/09/09  (rcs-revision 1.9)
\pgfsyssoftpath@smallbuffer@items=\count100
\pgfsyssoftpath@bigbuffer@items=\count101
)
("C:\Program Files (x86)\MiKTeX 2.9\tex\generic\pgf\systemlayer\pgfsysprotocol.
code.tex"
File: pgfsysprotocol.code.tex 2006/10/16  (rcs-revision 1.4)
)) ("C:\Program Files (x86)\MiKTeX 2.9\tex\latex\xcolor\xcolor.sty"
Package: xcolor 2016/05/11 v2.12 LaTeX color extensions (UK)

("C:\Program Files (x86)\MiKTeX 2.9\tex\latex\00miktex\color.cfg"
File: color.cfg 2016/01/02 v1.6 sample color configuration
)
Package xcolor Info: Driver file: pdftex.def on input line 225.
Package xcolor Info: Model `cmy' substituted by `cmy0' on input line 1348.
Package xcolor Info: Model `hsb' substituted by `rgb' on input line 1352.
Package xcolor Info: Model `RGB' extended on input line 1364.
Package xcolor Info: Model `HTML' substituted by `rgb' on input line 1366.
Package xcolor Info: Model `Hsb' substituted by `hsb' on input line 1367.
Package xcolor Info: Model `tHsb' substituted by `hsb' on input line 1368.
Package xcolor Info: Model `HSB' substituted by `hsb' on input line 1369.
Package xcolor Info: Model `Gray' substituted by `gray' on input line 1370.
Package xcolor Info: Model `wave' substituted by `hsb' on input line 1371.
)
("C:\Program Files (x86)\MiKTeX 2.9\tex\generic\pgf\basiclayer\pgfcore.code.tex
"
Package: pgfcore 2010/04/11 v3.0.1a (rcs-revision 1.7)
 ("C:\Program Files (x86)\MiKTeX 2.9\tex\generic\pgf\math\pgfmath.code.tex"
("C:\Program Files (x86)\MiKTeX 2.9\tex\generic\pgf\math\pgfmathcalc.code.tex"
("C:\Program Files (x86)\MiKTeX 2.9\tex\generic\pgf\math\pgfmathutil.code.tex")
("C:\Program Files (x86)\MiKTeX 2.9\tex\generic\pgf\math\pgfmathparser.code.tex
"
\pgfmath@dimen=\dimen124
\pgfmath@count=\count102
\pgfmath@box=\box27
\pgfmath@toks=\toks25
\pgfmath@stack@operand=\toks26
\pgfmath@stack@operation=\toks27
)
("C:\Program Files (x86)\MiKTeX 2.9\tex\generic\pgf\math\pgfmathfunctions.code.
tex"
("C:\Program Files (x86)\MiKTeX 2.9\tex\generic\pgf\math\pgfmathfunctions.basic
.code.tex")
("C:\Program Files (x86)\MiKTeX 2.9\tex\generic\pgf\math\pgfmathfunctions.trigo
nometric.code.tex")
("C:\Program Files (x86)\MiKTeX 2.9\tex\generic\pgf\math\pgfmathfunctions.rando
m.code.tex")
("C:\Program Files (x86)\MiKTeX 2.9\tex\generic\pgf\math\pgfmathfunctions.compa
rison.code.tex")
("C:\Program Files (x86)\MiKTeX 2.9\tex\generic\pgf\math\pgfmathfunctions.base.
code.tex")
("C:\Program Files (x86)\MiKTeX 2.9\tex\generic\pgf\math\pgfmathfunctions.round
.code.tex")
("C:\Program Files (x86)\MiKTeX 2.9\tex\generic\pgf\math\pgfmathfunctions.misc.
code.tex")
("C:\Program Files (x86)\MiKTeX 2.9\tex\generic\pgf\math\pgfmathfunctions.integ
erarithmetics.code.tex")))
("C:\Program Files (x86)\MiKTeX 2.9\tex\generic\pgf\math\pgfmathfloat.code.tex"
\c@pgfmathroundto@lastzeros=\count103
))
("C:\Program Files (x86)\MiKTeX 2.9\tex\generic\pgf\basiclayer\pgfcorepoints.co
de.tex"
File: pgfcorepoints.code.tex 2013/10/07  (rcs-revision 1.27)
\pgf@picminx=\dimen125
\pgf@picmaxx=\dimen126
\pgf@picminy=\dimen127
\pgf@picmaxy=\dimen128
\pgf@pathminx=\dimen129
\pgf@pathmaxx=\dimen130
\pgf@pathminy=\dimen131
\pgf@pathmaxy=\dimen132
\pgf@xx=\dimen133
\pgf@xy=\dimen134
\pgf@yx=\dimen135
\pgf@yy=\dimen136
\pgf@zx=\dimen137
\pgf@zy=\dimen138
)
("C:\Program Files (x86)\MiKTeX 2.9\tex\generic\pgf\basiclayer\pgfcorepathconst
ruct.code.tex"
File: pgfcorepathconstruct.code.tex 2013/10/07  (rcs-revision 1.29)
\pgf@path@lastx=\dimen139
\pgf@path@lasty=\dimen140
)
("C:\Program Files (x86)\MiKTeX 2.9\tex\generic\pgf\basiclayer\pgfcorepathusage
.code.tex"
File: pgfcorepathusage.code.tex 2014/11/02  (rcs-revision 1.24)
\pgf@shorten@end@additional=\dimen141
\pgf@shorten@start@additional=\dimen142
)
("C:\Program Files (x86)\MiKTeX 2.9\tex\generic\pgf\basiclayer\pgfcorescopes.co
de.tex"
File: pgfcorescopes.code.tex 2015/05/08  (rcs-revision 1.46)
\pgfpic=\box28
\pgf@hbox=\box29
\pgf@layerbox@main=\box30
\pgf@picture@serial@count=\count104
)
("C:\Program Files (x86)\MiKTeX 2.9\tex\generic\pgf\basiclayer\pgfcoregraphicst
ate.code.tex"
File: pgfcoregraphicstate.code.tex 2014/11/02  (rcs-revision 1.12)
\pgflinewidth=\dimen143
)
("C:\Program Files (x86)\MiKTeX 2.9\tex\generic\pgf\basiclayer\pgfcoretransform
ations.code.tex"
File: pgfcoretransformations.code.tex 2015/08/07  (rcs-revision 1.20)
\pgf@pt@x=\dimen144
\pgf@pt@y=\dimen145
\pgf@pt@temp=\dimen146
)
("C:\Program Files (x86)\MiKTeX 2.9\tex\generic\pgf\basiclayer\pgfcorequick.cod
e.tex"
File: pgfcorequick.code.tex 2008/10/09  (rcs-revision 1.3)
)
("C:\Program Files (x86)\MiKTeX 2.9\tex\generic\pgf\basiclayer\pgfcoreobjects.c
ode.tex"
File: pgfcoreobjects.code.tex 2006/10/11  (rcs-revision 1.2)
)
("C:\Program Files (x86)\MiKTeX 2.9\tex\generic\pgf\basiclayer\pgfcorepathproce
ssing.code.tex"
File: pgfcorepathprocessing.code.tex 2013/09/09  (rcs-revision 1.9)
)
("C:\Program Files (x86)\MiKTeX 2.9\tex\generic\pgf\basiclayer\pgfcorearrows.co
de.tex"
File: pgfcorearrows.code.tex 2015/05/14  (rcs-revision 1.43)
\pgfarrowsep=\dimen147
)
("C:\Program Files (x86)\MiKTeX 2.9\tex\generic\pgf\basiclayer\pgfcoreshade.cod
e.tex"
File: pgfcoreshade.code.tex 2013/07/15  (rcs-revision 1.15)
\pgf@max=\dimen148
\pgf@sys@shading@range@num=\count105
)
("C:\Program Files (x86)\MiKTeX 2.9\tex\generic\pgf\basiclayer\pgfcoreimage.cod
e.tex"
File: pgfcoreimage.code.tex 2013/07/15  (rcs-revision 1.18)

("C:\Program Files (x86)\MiKTeX 2.9\tex\generic\pgf\basiclayer\pgfcoreexternal.
code.tex"
File: pgfcoreexternal.code.tex 2014/07/09  (rcs-revision 1.21)
\pgfexternal@startupbox=\box31
))
("C:\Program Files (x86)\MiKTeX 2.9\tex\generic\pgf\basiclayer\pgfcorelayers.co
de.tex"
File: pgfcorelayers.code.tex 2013/07/18  (rcs-revision 1.7)
)
("C:\Program Files (x86)\MiKTeX 2.9\tex\generic\pgf\basiclayer\pgfcoretranspare
ncy.code.tex"
File: pgfcoretransparency.code.tex 2013/09/30  (rcs-revision 1.5)
)
("C:\Program Files (x86)\MiKTeX 2.9\tex\generic\pgf\basiclayer\pgfcorepatterns.
code.tex"
File: pgfcorepatterns.code.tex 2013/11/07  (rcs-revision 1.5)
)))
("C:\Program Files (x86)\MiKTeX 2.9\tex\generic\pgf\modules\pgfmoduleshapes.cod
e.tex"
File: pgfmoduleshapes.code.tex 2014/03/21  (rcs-revision 1.35)
\pgfnodeparttextbox=\box32
)
("C:\Program Files (x86)\MiKTeX 2.9\tex\generic\pgf\modules\pgfmoduleplot.code.
tex"
File: pgfmoduleplot.code.tex 2015/08/03  (rcs-revision 1.13)
)
("C:\Program Files (x86)\MiKTeX 2.9\tex\latex\pgf\compatibility\pgfcomp-version
-0-65.sty"
Package: pgfcomp-version-0-65 2007/07/03 v3.0.1a (rcs-revision 1.7)
\pgf@nodesepstart=\dimen149
\pgf@nodesepend=\dimen150
)
("C:\Program Files (x86)\MiKTeX 2.9\tex\latex\pgf\compatibility\pgfcomp-version
-1-18.sty"
Package: pgfcomp-version-1-18 2007/07/23 v3.0.1a (rcs-revision 1.1)
))
("C:\Program Files (x86)\MiKTeX 2.9\tex\latex\pgf\utilities\pgffor.sty"
("C:\Program Files (x86)\MiKTeX 2.9\tex\latex\pgf\utilities\pgfkeys.sty"
("C:\Program Files (x86)\MiKTeX 2.9\tex\generic\pgf\utilities\pgfkeys.code.tex"
)) ("C:\Program Files (x86)\MiKTeX 2.9\tex\latex\pgf\math\pgfmath.sty"
("C:\Program Files (x86)\MiKTeX 2.9\tex\generic\pgf\math\pgfmath.code.tex"))
("C:\Program Files (x86)\MiKTeX 2.9\tex\generic\pgf\utilities\pgffor.code.tex"
Package: pgffor 2013/12/13 v3.0.1a (rcs-revision 1.25)

("C:\Program Files (x86)\MiKTeX 2.9\tex\generic\pgf\math\pgfmath.code.tex")
\pgffor@iter=\dimen151
\pgffor@skip=\dimen152
\pgffor@stack=\toks28
\pgffor@toks=\toks29
))
("C:\Program Files (x86)\MiKTeX 2.9\tex\generic\pgf\frontendlayer\tikz\tikz.cod
e.tex"
Package: tikz 2015/08/07 v3.0.1a (rcs-revision 1.151)

("C:\Program Files (x86)\MiKTeX 2.9\tex\generic\pgf\libraries\pgflibraryplothan
dlers.code.tex"
File: pgflibraryplothandlers.code.tex 2013/08/31 v3.0.1a (rcs-revision 1.20)
\pgf@plot@mark@count=\count106
\pgfplotmarksize=\dimen153
)
\tikz@lastx=\dimen154
\tikz@lasty=\dimen155
\tikz@lastxsaved=\dimen156
\tikz@lastysaved=\dimen157
\tikzleveldistance=\dimen158
\tikzsiblingdistance=\dimen159
\tikz@figbox=\box33
\tikz@figbox@bg=\box34
\tikz@tempbox=\box35
\tikz@tempbox@bg=\box36
\tikztreelevel=\count107
\tikznumberofchildren=\count108
\tikznumberofcurrentchild=\count109
\tikz@fig@count=\count110

("C:\Program Files (x86)\MiKTeX 2.9\tex\generic\pgf\modules\pgfmodulematrix.cod
e.tex"
File: pgfmodulematrix.code.tex 2013/09/17  (rcs-revision 1.8)
\pgfmatrixcurrentrow=\count111
\pgfmatrixcurrentcolumn=\count112
\pgf@matrix@numberofcolumns=\count113
)
\tikz@expandcount=\count114

("C:\Program Files (x86)\MiKTeX 2.9\tex\generic\pgf\frontendlayer\tikz\librarie
s\tikzlibrarytopaths.code.tex"
File: tikzlibrarytopaths.code.tex 2008/06/17 v3.0.1a (rcs-revision 1.2)
)))
("C:\Program Files (x86)\MiKTeX 2.9\tex\generic\pgfplots\pgfplots.code.tex"
("C:\Program Files (x86)\MiKTeX 2.9\tex\generic\pgfplots\pgfplotscore.code.tex"
\t@pgfplots@toka=\toks30
\t@pgfplots@tokb=\toks31
\t@pgfplots@tokc=\toks32
\pgfplots@tmpa=\dimen160
\c@pgfplots@coordindex=\count115
\c@pgfplots@scanlineindex=\count116

("C:\Program Files (x86)\MiKTeX 2.9\tex\generic\pgfplots\sys\pgfplotssysgeneric
.code.tex"))
("C:\Program Files (x86)\MiKTeX 2.9\tex\generic\pgfplots\libs\pgfplotslibrary.c
ode.tex")
("C:\Program Files (x86)\MiKTeX 2.9\tex\generic\pgfplots\oldpgfcompatib\pgfplot
soldpgfsupp_loader.code.tex"
("C:\Program Files (x86)\MiKTeX 2.9\tex\generic\pgf\libraries\pgflibraryfpu.cod
e.tex")
Package pgfplots: loading complementary arithmetics for your pgf version...

("C:\Program Files (x86)\MiKTeX 2.9\tex\generic\pgfplots\oldpgfcompatib\pgfplot
soldpgfsupp_pgflibraryfpu.code.tex")
("C:\Program Files (x86)\MiKTeX 2.9\tex\generic\pgfplots\oldpgfcompatib\pgfplot
soldpgfsupp_pgfmathfloat.code.tex"
\c@pgfmathroundto@lastzeros=\count117
))
("C:\Program Files (x86)\MiKTeX 2.9\tex\generic\pgfplots\util\pgfplotsutil.code
.tex"
("C:\Program Files (x86)\MiKTeX 2.9\tex\generic\pgfplots\liststructure\pgfplots
liststructure.code.tex")
("C:\Program Files (x86)\MiKTeX 2.9\tex\generic\pgfplots\liststructure\pgfplots
liststructureext.code.tex")
("C:\Program Files (x86)\MiKTeX 2.9\tex\generic\pgfplots\liststructure\pgfplots
array.code.tex"
\c@pgfplotsarray@tmp=\count118
)
("C:\Program Files (x86)\MiKTeX 2.9\tex\generic\pgfplots\liststructure\pgfplots
matrix.code.tex")
("C:\Program Files (x86)\MiKTeX 2.9\tex\generic\pgfplots\numtable\pgfplotstable
shared.code.tex"
\c@pgfplotstable@counta=\count119
\t@pgfplotstable@a=\toks33
)
("C:\Program Files (x86)\MiKTeX 2.9\tex\generic\pgfplots\liststructure\pgfplots
deque.code.tex")
("C:\Program Files (x86)\MiKTeX 2.9\tex\generic\pgfplots\util\pgfplotsbinary.co
de.tex"
("C:\Program Files (x86)\MiKTeX 2.9\tex\generic\pgfplots\util\pgfplotsbinary.da
ta.code.tex"))
("C:\Program Files (x86)\MiKTeX 2.9\tex\generic\pgfplots\util\pgfplotsutil.verb
.code.tex")
("C:\Program Files (x86)\MiKTeX 2.9\tex\generic\pgfplots\libs\pgflibrarypgfplot
s.surfshading.code.tex"
\c@pgfplotslibrarysurf@no=\count120

("C:\Program Files (x86)\MiKTeX 2.9\tex\generic\pgfplots\sys\pgflibrarypgfplots
.surfshading.pgfsys-pdftex.def")))
("C:\Program Files (x86)\MiKTeX 2.9\tex\generic\pgfplots\util\pgfplotscolormap.
code.tex"
("C:\Program Files (x86)\MiKTeX 2.9\tex\generic\pgfplots\util\pgfplotscolor.cod
e.tex"))
("C:\Program Files (x86)\MiKTeX 2.9\tex\generic\pgfplots\pgfplotsstackedplots.c
ode.tex")
("C:\Program Files (x86)\MiKTeX 2.9\tex\generic\pgfplots\pgfplotsplothandlers.c
ode.tex"
("C:\Program Files (x86)\MiKTeX 2.9\tex\generic\pgfplots\pgfplotsmeshplothandle
r.code.tex"
("C:\Program Files (x86)\MiKTeX 2.9\tex\generic\pgfplots\pgfplotsmeshplotimage.
code.tex")))
("C:\Program Files (x86)\MiKTeX 2.9\tex\generic\pgfplots\pgfplots.scaling.code.
tex")
("C:\Program Files (x86)\MiKTeX 2.9\tex\generic\pgfplots\pgfplotscoordprocessin
g.code.tex")
("C:\Program Files (x86)\MiKTeX 2.9\tex\generic\pgfplots\pgfplots.errorbars.cod
e.tex")
("C:\Program Files (x86)\MiKTeX 2.9\tex\generic\pgfplots\pgfplots.markers.code.
tex")
("C:\Program Files (x86)\MiKTeX 2.9\tex\generic\pgfplots\pgfplotsticks.code.tex
")
("C:\Program Files (x86)\MiKTeX 2.9\tex\generic\pgfplots\pgfplots.paths.code.te
x")
("C:\Program Files (x86)\MiKTeX 2.9\tex\generic\pgf\frontendlayer\tikz\librarie
s\tikzlibrarydecorations.code.tex"
("C:\Program Files (x86)\MiKTeX 2.9\tex\generic\pgf\modules\pgfmoduledecoration
s.code.tex"
\pgfdecoratedcompleteddistance=\dimen161
\pgfdecoratedremainingdistance=\dimen162
\pgfdecoratedinputsegmentcompleteddistance=\dimen163
\pgfdecoratedinputsegmentremainingdistance=\dimen164
\pgf@decorate@distancetomove=\dimen165
\pgf@decorate@repeatstate=\count121
\pgfdecorationsegmentamplitude=\dimen166
\pgfdecorationsegmentlength=\dimen167
)
\tikz@lib@dec@box=\box37
)
("C:\Program Files (x86)\MiKTeX 2.9\tex\generic\pgf\frontendlayer\tikz\librarie
s\tikzlibrarydecorations.pathmorphing.code.tex"
("C:\Program Files (x86)\MiKTeX 2.9\tex\generic\pgf\libraries\decorations\pgfli
brarydecorations.pathmorphing.code.tex"))
("C:\Program Files (x86)\MiKTeX 2.9\tex\generic\pgf\frontendlayer\tikz\librarie
s\tikzlibrarydecorations.pathreplacing.code.tex"
("C:\Program Files (x86)\MiKTeX 2.9\tex\generic\pgf\libraries\decorations\pgfli
brarydecorations.pathreplacing.code.tex"))
\pgfplots@numplots=\count122
\pgfplots@xmin@reg=\dimen168
\pgfplots@xmax@reg=\dimen169
\pgfplots@ymin@reg=\dimen170
\pgfplots@ymax@reg=\dimen171
\pgfplots@zmin@reg=\dimen172
\pgfplots@zmax@reg=\dimen173
)
("C:\Program Files (x86)\MiKTeX 2.9\tex\generic\pgf\frontendlayer\tikz\librarie
s\tikzlibraryplotmarks.code.tex"
File: tikzlibraryplotmarks.code.tex 2008/01/09 v3.0.1a (rcs-revision 1.1)

("C:\Program Files (x86)\MiKTeX 2.9\tex\generic\pgf\libraries\pgflibraryplotmar
ks.code.tex"
File: pgflibraryplotmarks.code.tex 2015/08/03 v3.0.1a (rcs-revision 1.14)
)))
("C:\Program Files (x86)\MiKTeX 2.9\tex\latex\amsmath\amsmath.sty"
Package: amsmath 2016/06/28 v2.15d AMS math features
\@mathmargin=\skip43

For additional information on amsmath, use the `?' option.
("C:\Program Files (x86)\MiKTeX 2.9\tex\latex\amsmath\amstext.sty"
Package: amstext 2000/06/29 v2.01 AMS text

("C:\Program Files (x86)\MiKTeX 2.9\tex\latex\amsmath\amsgen.sty"
File: amsgen.sty 1999/11/30 v2.0 generic functions
\@emptytoks=\toks34
\ex@=\dimen174
))
("C:\Program Files (x86)\MiKTeX 2.9\tex\latex\amsmath\amsbsy.sty"
Package: amsbsy 1999/11/29 v1.2d Bold Symbols
\pmbraise@=\dimen175
)
("C:\Program Files (x86)\MiKTeX 2.9\tex\latex\amsmath\amsopn.sty"
Package: amsopn 2016/03/08 v2.02 operator names
)
\inf@bad=\count123
LaTeX Info: Redefining \frac on input line 199.
\uproot@=\count124
\leftroot@=\count125
LaTeX Info: Redefining \overline on input line 297.
\classnum@=\count126
\DOTSCASE@=\count127
LaTeX Info: Redefining \ldots on input line 394.
LaTeX Info: Redefining \dots on input line 397.
LaTeX Info: Redefining \cdots on input line 518.
\Mathstrutbox@=\box38
\strutbox@=\box39
\big@size=\dimen176
LaTeX Font Info:    Redeclaring font encoding OML on input line 634.
LaTeX Font Info:    Redeclaring font encoding OMS on input line 635.
\macc@depth=\count128
\c@MaxMatrixCols=\count129
\dotsspace@=\muskip10
\c@parentequation=\count130
\dspbrk@lvl=\count131
\tag@help=\toks35
\row@=\count132
\column@=\count133
\maxfields@=\count134
\andhelp@=\toks36
\eqnshift@=\dimen177
\alignsep@=\dimen178
\tagshift@=\dimen179
\tagwidth@=\dimen180
\totwidth@=\dimen181
\lineht@=\dimen182
\@envbody=\toks37
\multlinegap=\skip44
\multlinetaggap=\skip45
\mathdisplay@stack=\toks38
LaTeX Info: Redefining \[ on input line 2739.
LaTeX Info: Redefining \] on input line 2740.
)

LaTeX Warning: Unused global option(s):
    [‎fleqn,oneside‎].

(exercises.aux)
\openout1 = `exercises.aux'.

LaTeX Font Info:    Checking defaults for OML/cmm/m/it on input line 10.
LaTeX Font Info:    ... okay on input line 10.
LaTeX Font Info:    Checking defaults for T1/cmr/m/n on input line 10.
LaTeX Font Info:    ... okay on input line 10.
LaTeX Font Info:    Checking defaults for OT1/cmr/m/n on input line 10.
LaTeX Font Info:    ... okay on input line 10.
LaTeX Font Info:    Checking defaults for OMS/cmsy/m/n on input line 10.
LaTeX Font Info:    ... okay on input line 10.
LaTeX Font Info:    Checking defaults for OMX/cmex/m/n on input line 10.
LaTeX Font Info:    ... okay on input line 10.
LaTeX Font Info:    Checking defaults for U/cmr/m/n on input line 10.
LaTeX Font Info:    ... okay on input line 10.
LaTeX Info: Redefining \it@ocap on input line 10.
LaTeX Info: Redefining \it@ccap on input line 10.


File italian.ldf warning: 
italian.ldf    With OT1 encoding guillemets are poorly faked
italian.ldf    Use T1 encoding
italian.ldf    or specify a font with command \CaporaliFrom
italian.ldf    See the documentation concerning the babel-italian typesetting 
italian.ldf    on input line 10.

*geometry* driver: auto-detecting
*geometry* detected driver: pdftex
*geometry* verbose mode - [ preamble ] result:
* driver: pdftex
* paper: a4paper
* layout: <same size as paper>
* layoutoffset:(h,v)=(0.0pt,0.0pt)
* modes: 
* h-part:(L,W,R)=(36.135pt, 525.23788pt, 36.135pt)
* v-part:(T,H,B)=(36.135pt, 772.77686pt, 36.135pt)
* \paperwidth=597.50787pt
* \paperheight=845.04684pt
* \textwidth=525.23788pt
* \textheight=772.77686pt
* \oddsidemargin=-36.135pt
* \evensidemargin=-36.135pt
* \topmargin=-73.135pt
* \headheight=12.0pt
* \headsep=25.0pt
* \topskip=10.0pt
* \footskip=30.0pt
* \marginparwidth=57.0pt
* \marginparsep=11.0pt
* \columnsep=10.0pt
* \skip\footins=9.0pt plus 4.0pt minus 2.0pt
* \hoffset=0.0pt
* \voffset=0.0pt
* \mag=1000
* \@twocolumnfalse
* \@twosidefalse
* \@mparswitchfalse
* \@reversemarginfalse
* (1in=72.27pt=25.4mm, 1cm=28.453pt)

("C:\Program Files (x86)\MiKTeX 2.9\tex\context\base\supp-pdf.mkii"
[Loading MPS to PDF converter (version 2006.09.02).]
\scratchcounter=\count135
\scratchdimen=\dimen183
\scratchbox=\box40
\nofMPsegments=\count136
\nofMParguments=\count137
\everyMPshowfont=\toks39
\MPscratchCnt=\count138
\MPscratchDim=\dimen184
\MPnumerator=\count139
\makeMPintoPDFobject=\count140
\everyMPtoPDFconversion=\toks40
) ("C:\Program Files (x86)\MiKTeX 2.9\tex\generic\oberdiek\pdftexcmds.sty"
Package: pdftexcmds 2016/05/21 v0.22 Utility functions of pdfTeX for LuaTeX (HO
)

("C:\Program Files (x86)\MiKTeX 2.9\tex\generic\oberdiek\ifluatex.sty"
Package: ifluatex 2016/05/16 v1.4 Provides the ifluatex switch (HO)
Package ifluatex Info: LuaTeX not detected.
)
Package pdftexcmds Info: LuaTeX not detected.
Package pdftexcmds Info: \pdf@primitive is available.
Package pdftexcmds Info: \pdf@ifprimitive is available.
Package pdftexcmds Info: \pdfdraftmode found.
)
("C:\Program Files (x86)\MiKTeX 2.9\tex\latex\oberdiek\epstopdf-base.sty"
Package: epstopdf-base 2016/05/15 v2.6 Base part for package epstopdf

("C:\Program Files (x86)\MiKTeX 2.9\tex\latex\oberdiek\grfext.sty"
Package: grfext 2016/05/16 v1.2 Manage graphics extensions (HO)

("C:\Program Files (x86)\MiKTeX 2.9\tex\generic\oberdiek\kvdefinekeys.sty"
Package: kvdefinekeys 2016/05/16 v1.4 Define keys (HO)
))
("C:\Program Files (x86)\MiKTeX 2.9\tex\latex\oberdiek\kvoptions.sty"
Package: kvoptions 2016/05/16 v3.12 Key value format for package options (HO)

("C:\Program Files (x86)\MiKTeX 2.9\tex\generic\oberdiek\kvsetkeys.sty"
Package: kvsetkeys 2016/05/16 v1.17 Key value parser (HO)

("C:\Program Files (x86)\MiKTeX 2.9\tex\generic\oberdiek\etexcmds.sty"
Package: etexcmds 2016/05/16 v1.6 Avoid name clashes with e-TeX commands (HO)
Package etexcmds Info: Could not find \expanded.
(etexcmds)             That can mean that you are not using pdfTeX 1.50 or
(etexcmds)             that some package has redefined \expanded.
(etexcmds)             In the latter case, load this package earlier.
)))
Package epstopdf-base Info: Redefining graphics rule for `.eps' on input line 4
38.
Package grfext Info: Graphics extension search list:
(grfext)             [.png,.pdf,.jpg,.mps,.jpeg,.jbig2,.jb2,.PNG,.PDF,.JPG,.JPE
G,.JBIG2,.JB2,.eps]
(grfext)             \AppendGraphicsExtensions on input line 456.
)
ABD: EveryShipout initializing macros
Package pgfplots notification 'compat/show suggested version=true': you might b
enefit from \pgfplotsset{compat=1.14} (current compat level: 1.9).

Missing character: There is no ; in font nullfont!
! Missing \endcsname inserted.
<to be read again> 
                   \protect 
l.40 		\end{axis}
                 
The control sequence marked <to be read again> should
not appear between \csname and \endcsname.

! Extra \endcsname.
\pgfflt@impl ... \ifx \csname pgfflt@#1\endcsname 
                                                  \relax \pgfmathfloat@a@S =...
l.40 		\end{axis}
                 
I'm ignoring this, since I wasn't doing a \csname.

! Missing \endcsname inserted.
<to be read again> 
                   \protect 
l.40 		\end{axis}
                 
The control sequence marked <to be read again> should
not appear between \csname and \endcsname.

! Extra \endcsname.
\pgfflt@init ...\ifx \csname pgffltA@#1\endcsname 
                                                  \relax \expandafter \pgffl...
l.40 		\end{axis}
                 
I'm ignoring this, since I wasn't doing a \csname.


! Package PGF Math Error: Could not parse input '{\begingroup 3\endgroup \@@ove
r 4.
 ...t '\protect {\begingroup 3\endgroup \@@over 4}
                                                  ' as a floating point numb...
l.40 		\end{axis}
                 
This error message was generated by an \errmessage
command, so I can't give any explicit help.
Pretend that you're Hercule Poirot: Examine all clues,
and deduce the truth by order and method.

Missing character: There is no ' in font nullfont!
Missing character: There is no a in font nullfont!
Missing character: There is no s in font nullfont!
Missing character: There is no a in font nullfont!
Missing character: There is no f in font nullfont!
Missing character: There is no l in font nullfont!
Missing character: There is no o in font nullfont!
Missing character: There is no a in font nullfont!
Missing character: There is no t in font nullfont!
Missing character: There is no i in font nullfont!
Missing character: There is no n in font nullfont!
Missing character: There is no g in font nullfont!
Missing character: There is no p in font nullfont!
Missing character: There is no o in font nullfont!
Missing character: There is no i in font nullfont!
Missing character: There is no n in font nullfont!
Missing character: There is no t in font nullfont!
Missing character: There is no n in font nullfont!
Missing character: There is no u in font nullfont!
Missing character: There is no m in font nullfont!
Missing character: There is no b in font nullfont!
Missing character: There is no e in font nullfont!
Missing character: There is no r in font nullfont!
Missing character: There is no , in font nullfont!
Missing character: There is no s in font nullfont!
Missing character: There is no o in font nullfont!
Missing character: There is no r in font nullfont!
Missing character: There is no r in font nullfont!
Missing character: There is no y in font nullfont!
Missing character: There is no . in font nullfont!
Missing character: There is no T in font nullfont!
Missing character: There is no h in font nullfont!
Missing character: There is no e in font nullfont!
Missing character: There is no u in font nullfont!
Missing character: There is no n in font nullfont!
Missing character: There is no r in font nullfont!
Missing character: There is no e in font nullfont!
Missing character: There is no a in font nullfont!
Missing character: There is no d in font nullfont!
Missing character: There is no a in font nullfont!
Missing character: There is no b in font nullfont!
Missing character: There is no l in font nullfont!
Missing character: There is no e in font nullfont!
Missing character: There is no p in font nullfont!
Missing character: There is no a in font nullfont!
Missing character: There is no r in font nullfont!
Missing character: There is no t in font nullfont!
Missing character: There is no w in font nullfont!
Missing character: There is no a in font nullfont!
Missing character: There is no s in font nullfont!
Missing character: There is no n in font nullfont!
Missing character: There is no e in font nullfont!
Missing character: There is no a in font nullfont!
Missing character: There is no r in font nullfont!
Missing character: There is no ' in font nullfont!
Missing character: There is no { in font nullfont!
Missing character: There is no 3 in font nullfont!
! Missing $ inserted.
<inserted text> 
                $
l.40 		\end{axis}
                 
I've inserted a begin-math/end-math symbol since I think
you left one out. Proceed, with fingers crossed.

! Extra }, or forgotten $.
 ...r '\protect {\begingroup 3\endgroup \@@over 4}
                                                  '.\pgfutil@ifundefined {pg...
l.40 		\end{axis}
                 
I've deleted a group-closing symbol because it seems to be
spurious, as in `$x}$'. But perhaps the } is legitimate and
you forgot something else, as in `\hbox{$x}'. In such cases
the way to recover is to insert both the forgotten and the
deleted material, e.g., by typing `I$}'.

! Package PGF Math Error: Could not parse input '{\begingroup 3\endgroup \@@ove
r 4.
 ...t '\protect {\begingroup 3\endgroup \@@over 4}
                                                  ' as a floating point numb...
l.40 		\end{axis}
                 
(That was another \errmessage.)

! Ambiguous; you need another { and }.
 ...ear '\protect {\begingroup 3\endgroup \@@over 
                                                  4}'.\pgfutil@ifundefined {...
l.40 		\end{axis}
                 
I'm ignoring this fraction specification, since I don't
know whether a construction like `x \over y \over z'
means `{x \over y} \over z' or `x \over {y \over z}'.

! Extra }, or forgotten $.
 ...r '\protect {\begingroup 3\endgroup \@@over 4}
                                                  '.\pgfutil@ifundefined {pg...
l.40 		\end{axis}
                 
I've deleted a group-closing symbol because it seems to be
spurious, as in `$x}$'. But perhaps the } is legitimate and
you forgot something else, as in `\hbox{$x}'. In such cases
the way to recover is to insert both the forgotten and the
deleted material, e.g., by typing `I$}'.

! Package PGF Math Error: Could not parse input '{\begingroup 3\endgroup \@@ove
r 4.
 ...t '\protect {\begingroup 3\endgroup \@@over 4}
                                                  ' as a floating point numb...
l.40 		\end{axis}
                 
(That was another \errmessage.)

! Ambiguous; you need another { and }.
 ...ear '\protect {\begingroup 3\endgroup \@@over 
                                                  4}'.\pgfutil@ifundefined {...
l.40 		\end{axis}
                 
I'm ignoring this fraction specification, since I don't
know whether a construction like `x \over y \over z'
means `{x \over y} \over z' or `x \over {y \over z}'.

! Extra }, or forgotten $.
 ...r '\protect {\begingroup 3\endgroup \@@over 4}
                                                  '.\pgfutil@ifundefined {pg...
l.40 		\end{axis}
                 
I've deleted a group-closing symbol because it seems to be
spurious, as in `$x}$'. But perhaps the } is legitimate and
you forgot something else, as in `\hbox{$x}'. In such cases
the way to recover is to insert both the forgotten and the
deleted material, e.g., by typing `I$}'.

! Package PGF Math Error: Could not parse input '{\begingroup 3\endgroup \@@ove
r 4.
 ...t '\protect {\begingroup 3\endgroup \@@over 4}
                                                  ' as a floating point numb...
l.40 		\end{axis}
                 
(That was another \errmessage.)

! Ambiguous; you need another { and }.
 ...ear '\protect {\begingroup 3\endgroup \@@over 
                                                  4}'.\pgfutil@ifundefined {...
l.40 		\end{axis}
                 
I'm ignoring this fraction specification, since I don't
know whether a construction like `x \over y \over z'
means `{x \over y} \over z' or `x \over {y \over z}'.

! Extra }, or forgotten $.
 ...r '\protect {\begingroup 3\endgroup \@@over 4}
                                                  '.\pgfutil@ifundefined {pg...
l.40 		\end{axis}
                 
I've deleted a group-closing symbol because it seems to be
spurious, as in `$x}$'. But perhaps the } is legitimate and
you forgot something else, as in `\hbox{$x}'. In such cases
the way to recover is to insert both the forgotten and the
deleted material, e.g., by typing `I$}'.

! Package PGF Math Error: Could not parse input '{\begingroup 3\endgroup \@@ove
r 4.
 ...t '\protect {\begingroup 3\endgroup \@@over 4}
                                                  ' as a floating point numb...
l.40 		\end{axis}
                 
(That was another \errmessage.)

! Ambiguous; you need another { and }.
 ...ear '\protect {\begingroup 3\endgroup \@@over 
                                                  4}'.\pgfutil@ifundefined {...
l.40 		\end{axis}
                 
I'm ignoring this fraction specification, since I don't
know whether a construction like `x \over y \over z'
means `{x \over y} \over z' or `x \over {y \over z}'.

! Extra }, or forgotten $.
 ...r '\protect {\begingroup 3\endgroup \@@over 4}
                                                  '.\pgfutil@ifundefined {pg...
l.40 		\end{axis}
                 
I've deleted a group-closing symbol because it seems to be
spurious, as in `$x}$'. But perhaps the } is legitimate and
you forgot something else, as in `\hbox{$x}'. In such cases
the way to recover is to insert both the forgotten and the
deleted material, e.g., by typing `I$}'.

! Package PGF Math Error: Could not parse input '{\begingroup 3\endgroup \@@ove
r 4.
 ...t '\protect {\begingroup 3\endgroup \@@over 4}
                                                  ' as a floating point numb...
l.40 		\end{axis}
                 
(That was another \errmessage.)

! Ambiguous; you need another { and }.
 ...ear '\protect {\begingroup 3\endgroup \@@over 
                                                  4}'.\pgfutil@ifundefined {...
l.40 		\end{axis}
                 
I'm ignoring this fraction specification, since I don't
know whether a construction like `x \over y \over z'
means `{x \over y} \over z' or `x \over {y \over z}'.

! Extra }, or forgotten $.
 ...r '\protect {\begingroup 3\endgroup \@@over 4}
                                                  '.\pgfutil@ifundefined {pg...
l.40 		\end{axis}
                 
I've deleted a group-closing symbol because it seems to be
spurious, as in `$x}$'. But perhaps the } is legitimate and
you forgot something else, as in `\hbox{$x}'. In such cases
the way to recover is to insert both the forgotten and the
deleted material, e.g., by typing `I$}'.

! Package PGF Math Error: Could not parse input '{\begingroup 3\endgroup \@@ove
r 4.
 ...t '\protect {\begingroup 3\endgroup \@@over 4}
                                                  ' as a floating point numb...
l.40 		\end{axis}
                 
(That was another \errmessage.)

! Ambiguous; you need another { and }.
 ...ear '\protect {\begingroup 3\endgroup \@@over 
                                                  4}'.\pgfutil@ifundefined {...
l.40 		\end{axis}
                 
I'm ignoring this fraction specification, since I don't
know whether a construction like `x \over y \over z'
means `{x \over y} \over z' or `x \over {y \over z}'.

! Extra }, or forgotten $.
 ...r '\protect {\begingroup 3\endgroup \@@over 4}
                                                  '.\pgfutil@ifundefined {pg...
l.40 		\end{axis}
                 
I've deleted a group-closing symbol because it seems to be
spurious, as in `$x}$'. But perhaps the } is legitimate and
you forgot something else, as in `\hbox{$x}'. In such cases
the way to recover is to insert both the forgotten and the
deleted material, e.g., by typing `I$}'.

! Package PGF Math Error: Could not parse input '{\begingroup 3\endgroup \@@ove
r 4.
 ...t '\protect {\begingroup 3\endgroup \@@over 4}
                                                  ' as a floating point numb...
l.40 		\end{axis}
                 
(That was another \errmessage.)

! Ambiguous; you need another { and }.
 ...ear '\protect {\begingroup 3\endgroup \@@over 
                                                  4}'.\pgfutil@ifundefined {...
l.40 		\end{axis}
                 
I'm ignoring this fraction specification, since I don't
know whether a construction like `x \over y \over z'
means `{x \over y} \over z' or `x \over {y \over z}'.

! Extra }, or forgotten $.
 ...r '\protect {\begingroup 3\endgroup \@@over 4}
                                                  '.\pgfutil@ifundefined {pg...
l.40 		\end{axis}
                 
I've deleted a group-closing symbol because it seems to be
spurious, as in `$x}$'. But perhaps the } is legitimate and
you forgot something else, as in `\hbox{$x}'. In such cases
the way to recover is to insert both the forgotten and the
deleted material, e.g., by typing `I$}'.

! Package PGF Math Error: Could not parse input '{\begingroup 3\endgroup \@@ove
r 4.
 ...t '\protect {\begingroup 3\endgroup \@@over 4}
                                                  ' as a floating point numb...
l.40 		\end{axis}
                 
(That was another \errmessage.)

! Ambiguous; you need another { and }.
 ...ear '\protect {\begingroup 3\endgroup \@@over 
                                                  4}'.\pgfutil@ifundefined {...
l.40 		\end{axis}
                 
I'm ignoring this fraction specification, since I don't
know whether a construction like `x \over y \over z'
means `{x \over y} \over z' or `x \over {y \over z}'.

! Extra }, or forgotten $.
 ...r '\protect {\begingroup 3\endgroup \@@over 4}
                                                  '.\pgfutil@ifundefined {pg...
l.40 		\end{axis}
                 
I've deleted a group-closing symbol because it seems to be
spurious, as in `$x}$'. But perhaps the } is legitimate and
you forgot something else, as in `\hbox{$x}'. In such cases
the way to recover is to insert both the forgotten and the
deleted material, e.g., by typing `I$}'.

! Package PGF Math Error: Could not parse input '{\begingroup 3\endgroup \@@ove
r 4.
 ...t '\protect {\begingroup 3\endgroup \@@over 4}
                                                  ' as a floating point numb...
l.40 		\end{axis}
                 
(That was another \errmessage.)

! Ambiguous; you need another { and }.
 ...ear '\protect {\begingroup 3\endgroup \@@over 
                                                  4}'.\pgfutil@ifundefined {...
l.40 		\end{axis}
                 
I'm ignoring this fraction specification, since I don't
know whether a construction like `x \over y \over z'
means `{x \over y} \over z' or `x \over {y \over z}'.

! Extra }, or forgotten $.
 ...r '\protect {\begingroup 3\endgroup \@@over 4}
                                                  '.\pgfutil@ifundefined {pg...
l.40 		\end{axis}
                 
I've deleted a group-closing symbol because it seems to be
spurious, as in `$x}$'. But perhaps the } is legitimate and
you forgot something else, as in `\hbox{$x}'. In such cases
the way to recover is to insert both the forgotten and the
deleted material, e.g., by typing `I$}'.

! Package PGF Math Error: Could not parse input '{\begingroup 3\endgroup \@@ove
r 4.
 ...t '\protect {\begingroup 3\endgroup \@@over 4}
                                                  ' as a floating point numb...
l.40 		\end{axis}
                 
(That was another \errmessage.)

! Ambiguous; you need another { and }.
 ...ear '\protect {\begingroup 3\endgroup \@@over 
                                                  4}'.\pgfutil@ifundefined {...
l.40 		\end{axis}
                 
I'm ignoring this fraction specification, since I don't
know whether a construction like `x \over y \over z'
means `{x \over y} \over z' or `x \over {y \over z}'.

! Extra }, or forgotten $.
 ...r '\protect {\begingroup 3\endgroup \@@over 4}
                                                  '.\pgfutil@ifundefined {pg...
l.40 		\end{axis}
                 
I've deleted a group-closing symbol because it seems to be
spurious, as in `$x}$'. But perhaps the } is legitimate and
you forgot something else, as in `\hbox{$x}'. In such cases
the way to recover is to insert both the forgotten and the
deleted material, e.g., by typing `I$}'.

! Package PGF Math Error: Could not parse input '{\begingroup 3\endgroup \@@ove
r 4.
 ...t '\protect {\begingroup 3\endgroup \@@over 4}
                                                  ' as a floating point numb...
l.40 		\end{axis}
                 
(That was another \errmessage.)

! Ambiguous; you need another { and }.
 ...ear '\protect {\begingroup 3\endgroup \@@over 
                                                  4}'.\pgfutil@ifundefined {...
l.40 		\end{axis}
                 
I'm ignoring this fraction specification, since I don't
know whether a construction like `x \over y \over z'
means `{x \over y} \over z' or `x \over {y \over z}'.

! Extra }, or forgotten $.
 ...r '\protect {\begingroup 3\endgroup \@@over 4}
                                                  '.\pgfutil@ifundefined {pg...
l.40 		\end{axis}
                 
I've deleted a group-closing symbol because it seems to be
spurious, as in `$x}$'. But perhaps the } is legitimate and
you forgot something else, as in `\hbox{$x}'. In such cases
the way to recover is to insert both the forgotten and the
deleted material, e.g., by typing `I$}'.

! Package PGF Math Error: Could not parse input '{\begingroup 3\endgroup \@@ove
r 4.
 ...t '\protect {\begingroup 3\endgroup \@@over 4}
                                                  ' as a floating point numb...
l.40 		\end{axis}
                 
(That was another \errmessage.)

! Ambiguous; you need another { and }.
 ...ear '\protect {\begingroup 3\endgroup \@@over 
                                                  4}'.\pgfutil@ifundefined {...
l.40 		\end{axis}
                 
I'm ignoring this fraction specification, since I don't
know whether a construction like `x \over y \over z'
means `{x \over y} \over z' or `x \over {y \over z}'.

! Extra }, or forgotten $.
 ...r '\protect {\begingroup 3\endgroup \@@over 4}
                                                  '.\pgfutil@ifundefined {pg...
l.40 		\end{axis}
                 
I've deleted a group-closing symbol because it seems to be
spurious, as in `$x}$'. But perhaps the } is legitimate and
you forgot something else, as in `\hbox{$x}'. In such cases
the way to recover is to insert both the forgotten and the
deleted material, e.g., by typing `I$}'.

! Package PGF Math Error: Could not parse input '{\begingroup 3\endgroup \@@ove
r 4.
 ...t '\protect {\begingroup 3\endgroup \@@over 4}
                                                  ' as a floating point numb...
l.40 		\end{axis}
                 
(That was another \errmessage.)

! Ambiguous; you need another { and }.
 ...ear '\protect {\begingroup 3\endgroup \@@over 
                                                  4}'.\pgfutil@ifundefined {...
l.40 		\end{axis}
                 
I'm ignoring this fraction specification, since I don't
know whether a construction like `x \over y \over z'
means `{x \over y} \over z' or `x \over {y \over z}'.

! Extra }, or forgotten $.
 ...r '\protect {\begingroup 3\endgroup \@@over 4}
                                                  '.\pgfutil@ifundefined {pg...
l.40 		\end{axis}
                 
I've deleted a group-closing symbol because it seems to be
spurious, as in `$x}$'. But perhaps the } is legitimate and
you forgot something else, as in `\hbox{$x}'. In such cases
the way to recover is to insert both the forgotten and the
deleted material, e.g., by typing `I$}'.

! Package PGF Math Error: Could not parse input '{\begingroup 3\endgroup \@@ove
r 4.
 ...t '\protect {\begingroup 3\endgroup \@@over 4}
                                                  ' as a floating point numb...
l.40 		\end{axis}
                 
(That was another \errmessage.)

! Ambiguous; you need another { and }.
 ...ear '\protect {\begingroup 3\endgroup \@@over 
                                                  4}'.\pgfutil@ifundefined {...
l.40 		\end{axis}
                 
I'm ignoring this fraction specification, since I don't
know whether a construction like `x \over y \over z'
means `{x \over y} \over z' or `x \over {y \over z}'.

! Extra }, or forgotten $.
 ...r '\protect {\begingroup 3\endgroup \@@over 4}
                                                  '.\pgfutil@ifundefined {pg...
l.40 		\end{axis}
                 
I've deleted a group-closing symbol because it seems to be
spurious, as in `$x}$'. But perhaps the } is legitimate and
you forgot something else, as in `\hbox{$x}'. In such cases
the way to recover is to insert both the forgotten and the
deleted material, e.g., by typing `I$}'.

! Package PGF Math Error: Could not parse input '{\begingroup 3\endgroup \@@ove
r 4.
 ...t '\protect {\begingroup 3\endgroup \@@over 4}
                                                  ' as a floating point numb...
l.40 		\end{axis}
                 
(That was another \errmessage.)

! Ambiguous; you need another { and }.
 ...ear '\protect {\begingroup 3\endgroup \@@over 
                                                  4}'.\pgfutil@ifundefined {...
l.40 		\end{axis}
                 
I'm ignoring this fraction specification, since I don't
know whether a construction like `x \over y \over z'
means `{x \over y} \over z' or `x \over {y \over z}'.

! Extra }, or forgotten $.
 ...r '\protect {\begingroup 3\endgroup \@@over 4}
                                                  '.\pgfutil@ifundefined {pg...
l.40 		\end{axis}
                 
I've deleted a group-closing symbol because it seems to be
spurious, as in `$x}$'. But perhaps the } is legitimate and
you forgot something else, as in `\hbox{$x}'. In such cases
the way to recover is to insert both the forgotten and the
deleted material, e.g., by typing `I$}'.

! Package PGF Math Error: Could not parse input '{\begingroup 3\endgroup \@@ove
r 4.
 ...t '\protect {\begingroup 3\endgroup \@@over 4}
                                                  ' as a floating point numb...
l.40 		\end{axis}
                 
(That was another \errmessage.)

! Ambiguous; you need another { and }.
 ...ear '\protect {\begingroup 3\endgroup \@@over 
                                                  4}'.\pgfutil@ifundefined {...
l.40 		\end{axis}
                 
I'm ignoring this fraction specification, since I don't
know whether a construction like `x \over y \over z'
means `{x \over y} \over z' or `x \over {y \over z}'.

! Extra }, or forgotten $.
 ...r '\protect {\begingroup 3\endgroup \@@over 4}
                                                  '.\pgfutil@ifundefined {pg...
l.40 		\end{axis}
                 
I've deleted a group-closing symbol because it seems to be
spurious, as in `$x}$'. But perhaps the } is legitimate and
you forgot something else, as in `\hbox{$x}'. In such cases
the way to recover is to insert both the forgotten and the
deleted material, e.g., by typing `I$}'.

! Package PGF Math Error: Could not parse input '{\begingroup 3\endgroup \@@ove
r 4.
 ...t '\protect {\begingroup 3\endgroup \@@over 4}
                                                  ' as a floating point numb...
l.40 		\end{axis}
                 
(That was another \errmessage.)

! Ambiguous; you need another { and }.
 ...ear '\protect {\begingroup 3\endgroup \@@over 
                                                  4}'.\pgfutil@ifundefined {...
l.40 		\end{axis}
                 
I'm ignoring this fraction specification, since I don't
know whether a construction like `x \over y \over z'
means `{x \over y} \over z' or `x \over {y \over z}'.

! Extra }, or forgotten $.
 ...r '\protect {\begingroup 3\endgroup \@@over 4}
                                                  '.\pgfutil@ifundefined {pg...
l.40 		\end{axis}
                 
I've deleted a group-closing symbol because it seems to be
spurious, as in `$x}$'. But perhaps the } is legitimate and
you forgot something else, as in `\hbox{$x}'. In such cases
the way to recover is to insert both the forgotten and the
deleted material, e.g., by typing `I$}'.

! Package PGF Math Error: Could not parse input '{\begingroup 3\endgroup \@@ove
r 4.
 ...t '\protect {\begingroup 3\endgroup \@@over 4}
                                                  ' as a floating point numb...
l.40 		\end{axis}
                 
(That was another \errmessage.)

! Ambiguous; you need another { and }.
 ...ear '\protect {\begingroup 3\endgroup \@@over 
                                                  4}'.\pgfutil@ifundefined {...
l.40 		\end{axis}
                 
I'm ignoring this fraction specification, since I don't
know whether a construction like `x \over y \over z'
means `{x \over y} \over z' or `x \over {y \over z}'.

! Extra }, or forgotten $.
 ...r '\protect {\begingroup 3\endgroup \@@over 4}
                                                  '.\pgfutil@ifundefined {pg...
l.40 		\end{axis}
                 
I've deleted a group-closing symbol because it seems to be
spurious, as in `$x}$'. But perhaps the } is legitimate and
you forgot something else, as in `\hbox{$x}'. In such cases
the way to recover is to insert both the forgotten and the
deleted material, e.g., by typing `I$}'.

! Package PGF Math Error: Could not parse input '{\begingroup 3\endgroup \@@ove
r 4.
 ...t '\protect {\begingroup 3\endgroup \@@over 4}
                                                  ' as a floating point numb...
l.40 		\end{axis}
                 
(That was another \errmessage.)

! Ambiguous; you need another { and }.
 ...ear '\protect {\begingroup 3\endgroup \@@over 
                                                  4}'.\pgfutil@ifundefined {...
l.40 		\end{axis}
                 
I'm ignoring this fraction specification, since I don't
know whether a construction like `x \over y \over z'
means `{x \over y} \over z' or `x \over {y \over z}'.

! Extra }, or forgotten $.
 ...r '\protect {\begingroup 3\endgroup \@@over 4}
                                                  '.\pgfutil@ifundefined {pg...
l.40 		\end{axis}
                 
I've deleted a group-closing symbol because it seems to be
spurious, as in `$x}$'. But perhaps the } is legitimate and
you forgot something else, as in `\hbox{$x}'. In such cases
the way to recover is to insert both the forgotten and the
deleted material, e.g., by typing `I$}'.

! Package PGF Math Error: Could not parse input '{\begingroup 3\endgroup \@@ove
r 4.
 ...t '\protect {\begingroup 3\endgroup \@@over 4}
                                                  ' as a floating point numb...
l.40 		\end{axis}
                 
(That was another \errmessage.)

! Ambiguous; you need another { and }.
 ...ear '\protect {\begingroup 3\endgroup \@@over 
                                                  4}'.\pgfutil@ifundefined {...
l.40 		\end{axis}
                 
I'm ignoring this fraction specification, since I don't
know whether a construction like `x \over y \over z'
means `{x \over y} \over z' or `x \over {y \over z}'.

! Extra }, or forgotten $.
 ...r '\protect {\begingroup 3\endgroup \@@over 4}
                                                  '.\pgfutil@ifundefined {pg...
l.40 		\end{axis}
                 
I've deleted a group-closing symbol because it seems to be
spurious, as in `$x}$'. But perhaps the } is legitimate and
you forgot something else, as in `\hbox{$x}'. In such cases
the way to recover is to insert both the forgotten and the
deleted material, e.g., by typing `I$}'.

! Package PGF Math Error: Could not parse input '{\begingroup 3\endgroup \@@ove
r 4.
 ...t '\protect {\begingroup 3\endgroup \@@over 4}
                                                  ' as a floating point numb...
l.40 		\end{axis}
                 
(That was another \errmessage.)

! Ambiguous; you need another { and }.
 ...ear '\protect {\begingroup 3\endgroup \@@over 
                                                  4}'.\pgfutil@ifundefined {...
l.40 		\end{axis}
                 
I'm ignoring this fraction specification, since I don't
know whether a construction like `x \over y \over z'
means `{x \over y} \over z' or `x \over {y \over z}'.

! Extra }, or forgotten $.
 ...r '\protect {\begingroup 3\endgroup \@@over 4}
                                                  '.\pgfutil@ifundefined {pg...
l.40 		\end{axis}
                 
I've deleted a group-closing symbol because it seems to be
spurious, as in `$x}$'. But perhaps the } is legitimate and
you forgot something else, as in `\hbox{$x}'. In such cases
the way to recover is to insert both the forgotten and the
deleted material, e.g., by typing `I$}'.

! Package PGF Math Error: Could not parse input '{\begingroup 3\endgroup \@@ove
r 4.
 ...t '\protect {\begingroup 3\endgroup \@@over 4}
                                                  ' as a floating point numb...
l.40 		\end{axis}
                 
(That was another \errmessage.)

! Ambiguous; you need another { and }.
 ...ear '\protect {\begingroup 3\endgroup \@@over 
                                                  4}'.\pgfutil@ifundefined {...
l.40 		\end{axis}
                 
I'm ignoring this fraction specification, since I don't
know whether a construction like `x \over y \over z'
means `{x \over y} \over z' or `x \over {y \over z}'.

! Extra }, or forgotten $.
 ...r '\protect {\begingroup 3\endgroup \@@over 4}
                                                  '.\pgfutil@ifundefined {pg...
l.40 		\end{axis}
                 
I've deleted a group-closing symbol because it seems to be
spurious, as in `$x}$'. But perhaps the } is legitimate and
you forgot something else, as in `\hbox{$x}'. In such cases
the way to recover is to insert both the forgotten and the
deleted material, e.g., by typing `I$}'.

! Package PGF Math Error: Could not parse input '{\begingroup 3\endgroup \@@ove
r 4.
 ...t '\protect {\begingroup 3\endgroup \@@over 4}
                                                  ' as a floating point numb...
l.40 		\end{axis}
                 
(That was another \errmessage.)

! Ambiguous; you need another { and }.
 ...ear '\protect {\begingroup 3\endgroup \@@over 
                                                  4}'.\pgfutil@ifundefined {...
l.40 		\end{axis}
                 
I'm ignoring this fraction specification, since I don't
know whether a construction like `x \over y \over z'
means `{x \over y} \over z' or `x \over {y \over z}'.

! Extra }, or forgotten $.
 ...r '\protect {\begingroup 3\endgroup \@@over 4}
                                                  '.\pgfutil@ifundefined {pg...
l.40 		\end{axis}
                 
I've deleted a group-closing symbol because it seems to be
spurious, as in `$x}$'. But perhaps the } is legitimate and
you forgot something else, as in `\hbox{$x}'. In such cases
the way to recover is to insert both the forgotten and the
deleted material, e.g., by typing `I$}'.

! Package PGF Math Error: Could not parse input '{\begingroup 3\endgroup \@@ove
r 4.
 ...t '\protect {\begingroup 3\endgroup \@@over 4}
                                                  ' as a floating point numb...
l.40 		\end{axis}
                 
(That was another \errmessage.)

! Ambiguous; you need another { and }.
 ...ear '\protect {\begingroup 3\endgroup \@@over 
                                                  4}'.\pgfutil@ifundefined {...
l.40 		\end{axis}
                 
I'm ignoring this fraction specification, since I don't
know whether a construction like `x \over y \over z'
means `{x \over y} \over z' or `x \over {y \over z}'.

! Extra }, or forgotten $.
 ...r '\protect {\begingroup 3\endgroup \@@over 4}
                                                  '.\pgfutil@ifundefined {pg...
l.40 		\end{axis}
                 
I've deleted a group-closing symbol because it seems to be
spurious, as in `$x}$'. But perhaps the } is legitimate and
you forgot something else, as in `\hbox{$x}'. In such cases
the way to recover is to insert both the forgotten and the
deleted material, e.g., by typing `I$}'.

! Package PGF Math Error: Could not parse input '{\begingroup 3\endgroup \@@ove
r 4.
 ...t '\protect {\begingroup 3\endgroup \@@over 4}
                                                  ' as a floating point numb...
l.40 		\end{axis}
                 
(That was another \errmessage.)

! Ambiguous; you need another { and }.
 ...ear '\protect {\begingroup 3\endgroup \@@over 
                                                  4}'.\pgfutil@ifundefined {...
l.40 		\end{axis}
                 
I'm ignoring this fraction specification, since I don't
know whether a construction like `x \over y \over z'
means `{x \over y} \over z' or `x \over {y \over z}'.

! Extra }, or forgotten $.
 ...r '\protect {\begingroup 3\endgroup \@@over 4}
                                                  '.\pgfutil@ifundefined {pg...
l.40 		\end{axis}
                 
I've deleted a group-closing symbol because it seems to be
spurious, as in `$x}$'. But perhaps the } is legitimate and
you forgot something else, as in `\hbox{$x}'. In such cases
the way to recover is to insert both the forgotten and the
deleted material, e.g., by typing `I$}'.

! Package PGF Math Error: Could not parse input '{\begingroup 3\endgroup \@@ove
r 4.
 ...t '\protect {\begingroup 3\endgroup \@@over 4}
                                                  ' as a floating point numb...
l.40 		\end{axis}
                 
(That was another \errmessage.)

! Ambiguous; you need another { and }.
 ...ear '\protect {\begingroup 3\endgroup \@@over 
                                                  4}'.\pgfutil@ifundefined {...
l.40 		\end{axis}
                 
I'm ignoring this fraction specification, since I don't
know whether a construction like `x \over y \over z'
means `{x \over y} \over z' or `x \over {y \over z}'.

! Extra }, or forgotten $.
 ...r '\protect {\begingroup 3\endgroup \@@over 4}
                                                  '.\pgfutil@ifundefined {pg...
l.40 		\end{axis}
                 
I've deleted a group-closing symbol because it seems to be
spurious, as in `$x}$'. But perhaps the } is legitimate and
you forgot something else, as in `\hbox{$x}'. In such cases
the way to recover is to insert both the forgotten and the
deleted material, e.g., by typing `I$}'.

! Package PGF Math Error: Could not parse input '{\begingroup 3\endgroup \@@ove
r 4.
 ...t '\protect {\begingroup 3\endgroup \@@over 4}
                                                  ' as a floating point numb...
l.40 		\end{axis}
                 
(That was another \errmessage.)

! Ambiguous; you need another { and }.
 ...ear '\protect {\begingroup 3\endgroup \@@over 
                                                  4}'.\pgfutil@ifundefined {...
l.40 		\end{axis}
                 
I'm ignoring this fraction specification, since I don't
know whether a construction like `x \over y \over z'
means `{x \over y} \over z' or `x \over {y \over z}'.

! Extra }, or forgotten $.
 ...r '\protect {\begingroup 3\endgroup \@@over 4}
                                                  '.\pgfutil@ifundefined {pg...
l.40 		\end{axis}
                 
I've deleted a group-closing symbol because it seems to be
spurious, as in `$x}$'. But perhaps the } is legitimate and
you forgot something else, as in `\hbox{$x}'. In such cases
the way to recover is to insert both the forgotten and the
deleted material, e.g., by typing `I$}'.

! Package PGF Math Error: Could not parse input '{\begingroup 3\endgroup \@@ove
r 4.
 ...t '\protect {\begingroup 3\endgroup \@@over 4}
                                                  ' as a floating point numb...
l.40 		\end{axis}
                 
(That was another \errmessage.)

! Ambiguous; you need another { and }.
 ...ear '\protect {\begingroup 3\endgroup \@@over 
                                                  4}'.\pgfutil@ifundefined {...
l.40 		\end{axis}
                 
I'm ignoring this fraction specification, since I don't
know whether a construction like `x \over y \over z'
means `{x \over y} \over z' or `x \over {y \over z}'.

! Extra }, or forgotten $.
 ...r '\protect {\begingroup 3\endgroup \@@over 4}
                                                  '.\pgfutil@ifundefined {pg...
l.40 		\end{axis}
                 
I've deleted a group-closing symbol because it seems to be
spurious, as in `$x}$'. But perhaps the } is legitimate and
you forgot something else, as in `\hbox{$x}'. In such cases
the way to recover is to insert both the forgotten and the
deleted material, e.g., by typing `I$}'.

! Package PGF Math Error: Could not parse input '{\begingroup 3\endgroup \@@ove
r 4.
 ...t '\protect {\begingroup 3\endgroup \@@over 4}
                                                  ' as a floating point numb...
l.40 		\end{axis}
                 
(That was another \errmessage.)

! Ambiguous; you need another { and }.
 ...ear '\protect {\begingroup 3\endgroup \@@over 
                                                  4}'.\pgfutil@ifundefined {...
l.40 		\end{axis}
                 
I'm ignoring this fraction specification, since I don't
know whether a construction like `x \over y \over z'
means `{x \over y} \over z' or `x \over {y \over z}'.

! Extra }, or forgotten $.
 ...r '\protect {\begingroup 3\endgroup \@@over 4}
                                                  '.\pgfutil@ifundefined {pg...
l.40 		\end{axis}
                 
I've deleted a group-closing symbol because it seems to be
spurious, as in `$x}$'. But perhaps the } is legitimate and
you forgot something else, as in `\hbox{$x}'. In such cases
the way to recover is to insert both the forgotten and the
deleted material, e.g., by typing `I$}'.

! Package PGF Math Error: Could not parse input '{\begingroup 3\endgroup \@@ove
r 4.
 ...t '\protect {\begingroup 3\endgroup \@@over 4}
                                                  ' as a floating point numb...
l.40 		\end{axis}
                 
(That was another \errmessage.)

! Ambiguous; you need another { and }.
 ...ear '\protect {\begingroup 3\endgroup \@@over 
                                                  4}'.\pgfutil@ifundefined {...
l.40 		\end{axis}
                 
I'm ignoring this fraction specification, since I don't
know whether a construction like `x \over y \over z'
means `{x \over y} \over z' or `x \over {y \over z}'.

! Extra }, or forgotten $.
 ...r '\protect {\begingroup 3\endgroup \@@over 4}
                                                  '.\pgfutil@ifundefined {pg...
l.40 		\end{axis}
                 
I've deleted a group-closing symbol because it seems to be
spurious, as in `$x}$'. But perhaps the } is legitimate and
you forgot something else, as in `\hbox{$x}'. In such cases
the way to recover is to insert both the forgotten and the
deleted material, e.g., by typing `I$}'.

! Package PGF Math Error: Could not parse input '{\begingroup 3\endgroup \@@ove
r 4.
 ...t '\protect {\begingroup 3\endgroup \@@over 4}
                                                  ' as a floating point numb...
l.40 		\end{axis}
                 
(That was another \errmessage.)

! Ambiguous; you need another { and }.
 ...ear '\protect {\begingroup 3\endgroup \@@over 
                                                  4}'.\pgfutil@ifundefined {...
l.40 		\end{axis}
                 
I'm ignoring this fraction specification, since I don't
know whether a construction like `x \over y \over z'
means `{x \over y} \over z' or `x \over {y \over z}'.

! Extra }, or forgotten $.
 ...r '\protect {\begingroup 3\endgroup \@@over 4}
                                                  '.\pgfutil@ifundefined {pg...
l.40 		\end{axis}
                 
(That makes 100 errors; please try again.) 
Here is how much of TeX's memory you used:
 23164 strings out of 493334
 590976 string characters out of 3136647
 791213 words of memory out of 3000000
 26317 multiletter control sequences out of 15000+200000
 5007 words of font info for 19 fonts, out of 3000000 for 9000
 1141 hyphenation exceptions out of 8191
 62i,7n,96p,811b,1372s stack positions out of 5000i,500n,10000p,200000b,50000s

!  ==> Fatal error occurred, no output PDF file produced!
